{"C:\\Users\\PrescillaLecurieux\\Documents\\PRIVATE Prescilla LECURIEUX\\PersonalProjects\\nodejstemplate\\src\\app.ts": {"path":"C:\\Users\\PrescillaLecurieux\\Documents\\PRIVATE Prescilla LECURIEUX\\PersonalProjects\\nodejstemplate\\src\\app.ts","statementMap":{"0":{"start":{"line":1,"column":0},"end":{"line":1,"column":30}},"1":{"start":{"line":2,"column":0},"end":{"line":2,"column":42}},"2":{"start":{"line":3,"column":0},"end":{"line":3,"column":33}},"3":{"start":{"line":4,"column":0},"end":{"line":4,"column":24}},"4":{"start":{"line":5,"column":0},"end":{"line":5,"column":45}},"5":{"start":{"line":6,"column":0},"end":{"line":6,"column":28}},"6":{"start":{"line":7,"column":0},"end":{"line":7,"column":57}},"7":{"start":{"line":9,"column":12},"end":{"line":9,"column":21}},"8":{"start":{"line":10,"column":13},"end":{"line":10,"column":17}},"9":{"start":{"line":12,"column":0},"end":{"line":12,"column":16}},"10":{"start":{"line":14,"column":0},"end":{"line":16,"column":3}},"11":{"start":{"line":15,"column":2},"end":{"line":15,"column":51}},"12":{"start":{"line":18,"column":0},"end":{"line":18,"column":32}},"13":{"start":{"line":19,"column":0},"end":{"line":19,"column":27}},"14":{"start":{"line":20,"column":0},"end":{"line":20,"column":57}},"15":{"start":{"line":22,"column":0},"end":{"line":24,"column":3}},"16":{"start":{"line":23,"column":2},"end":{"line":23,"column":39}},"17":{"start":{"line":26,"column":0},"end":{"line":26,"column":21}}},"fnMap":{"0":{"name":"(anonymous_7)","decl":{"start":{"line":14,"column":17},"end":{"line":14,"column":20}},"loc":{"start":{"line":14,"column":22},"end":{"line":16,"column":1}}},"1":{"name":"(anonymous_8)","decl":{"start":{"line":22,"column":13},"end":{"line":22,"column":14}},"loc":{"start":{"line":22,"column":26},"end":{"line":24,"column":1}}}},"branchMap":{},"s":{"0":1,"1":1,"2":1,"3":1,"4":1,"5":1,"6":1,"7":1,"8":1,"9":1,"10":1,"11":1,"12":1,"13":1,"14":1,"15":1,"16":1,"17":1},"f":{"0":1,"1":1},"b":{}}
,"C:\\Users\\PrescillaLecurieux\\Documents\\PRIVATE Prescilla LECURIEUX\\PersonalProjects\\nodejstemplate\\src\\utils\\libs\\logger.ts": {"path":"C:\\Users\\PrescillaLecurieux\\Documents\\PRIVATE Prescilla LECURIEUX\\PersonalProjects\\nodejstemplate\\src\\utils\\libs\\logger.ts","statementMap":{"0":{"start":{"line":1,"column":0},"end":{"line":1,"column":30}},"1":{"start":{"line":3,"column":15},"end":{"line":9,"column":2}},"2":{"start":{"line":11,"column":15},"end":{"line":17,"column":2}},"3":{"start":{"line":19,"column":0},"end":{"line":19,"column":26}},"4":{"start":{"line":21,"column":15},"end":{"line":26,"column":null}},"5":{"start":{"line":25,"column":13},"end":{"line":25,"column":63}},"6":{"start":{"line":29,"column":19},"end":{"line":38,"column":2}},"7":{"start":{"line":40,"column":13},"end":{"line":45,"column":3}}},"fnMap":{"0":{"name":"(anonymous_1)","decl":{"start":{"line":25,"column":4},"end":{"line":25,"column":5}},"loc":{"start":{"line":25,"column":13},"end":{"line":25,"column":63}}}},"branchMap":{},"s":{"0":1,"1":1,"2":1,"3":1,"4":1,"5":2,"6":1,"7":1},"f":{"0":2},"b":{}}
,"C:\\Users\\PrescillaLecurieux\\Documents\\PRIVATE Prescilla LECURIEUX\\PersonalProjects\\nodejstemplate\\src\\utils\\libs\\loggerStream.ts": {"path":"C:\\Users\\PrescillaLecurieux\\Documents\\PRIVATE Prescilla LECURIEUX\\PersonalProjects\\nodejstemplate\\src\\utils\\libs\\loggerStream.ts","statementMap":{"0":{"start":{"line":1,"column":0},"end":{"line":1,"column":34}},"1":{"start":{"line":5,"column":4},"end":{"line":5,"column":65}},"2":{"start":{"line":3,"column":0},"end":{"line":3,"column":13}}},"fnMap":{"0":{"name":"(anonymous_0)","decl":{"start":{"line":4,"column":2},"end":{"line":4,"column":7}},"loc":{"start":{"line":4,"column":23},"end":{"line":6,"column":3}}}},"branchMap":{},"s":{"0":1,"1":1,"2":1},"f":{"0":1},"b":{}}
}
